app/build/intermediates/manifest_merge_blame_file/debug/processDebugMainManifest/manifest-merger-blame-debug-report.txt
1<?xml version="1.0" encoding="utf-8"?>
2<manifest xmlns:android="http://schemas.android.com/apk/res/android"
3    package="com.ashish.stash"
4    android:versionCode="1"
5    android:versionName="1.0" >
6
7    <uses-sdk
8        android:minSdkVersion="26"
9        android:targetSdkVersion="36" />
10
11    <uses-permission android:name="android.permission.USE_BIOMETRIC" />
11-->src\main\AndroidManifest.xml:5:5-72
11-->src\main\AndroidManifest.xml:5:22-69
12    <uses-permission android:name="android.permission.POST_NOTIFICATIONS" />
12-->src\main\AndroidManifest.xml:6:5-77
12-->src\main\AndroidManifest.xml:6:22-74
13    <uses-permission android:name="android.permission.MANAGE_EXTERNAL_STORAGE" />
13-->src\main\AndroidManifest.xml:7:5-111
13-->src\main\AndroidManifest.xml:7:22-79
14
15    <!-- suppress DeprecatedClassUsageInspection -->
16    <uses-permission android:name="android.permission.USE_FINGERPRINT" />
16-->[androidx.biometric:biometric:1.1.0] AndroidManifest.xml:27:5-74
16-->[androidx.biometric:biometric:1.1.0] AndroidManifest.xml:27:22-71
17    <uses-permission android:name="android.permission.WAKE_LOCK" />
17-->[androidx.work:work-runtime:2.9.1] AndroidManifest.xml:23:5-68
17-->[androidx.work:work-runtime:2.9.1] AndroidManifest.xml:23:22-65
18    <uses-permission android:name="android.permission.ACCESS_NETWORK_STATE" />
18-->[androidx.work:work-runtime:2.9.1] AndroidManifest.xml:24:5-79
18-->[androidx.work:work-runtime:2.9.1] AndroidManifest.xml:24:22-76
19    <uses-permission android:name="android.permission.RECEIVE_BOOT_COMPLETED" />
19-->[androidx.work:work-runtime:2.9.1] AndroidManifest.xml:25:5-81
19-->[androidx.work:work-runtime:2.9.1] AndroidManifest.xml:25:22-78
20    <uses-permission android:name="android.permission.FOREGROUND_SERVICE" />
20-->[androidx.work:work-runtime:2.9.1] AndroidManifest.xml:26:5-77
20-->[androidx.work:work-runtime:2.9.1] AndroidManifest.xml:26:22-74
21
22    <permission
22-->[androidx.core:core:1.13.1] AndroidManifest.xml:22:5-24:47
23        android:name="com.ashish.stash.DYNAMIC_RECEIVER_NOT_EXPORTED_PERMISSION"
23-->[androidx.core:core:1.13.1] AndroidManifest.xml:23:9-81
24        android:protectionLevel="signature" />
24-->[androidx.core:core:1.13.1] AndroidManifest.xml:24:9-44
25
26    <uses-permission android:name="com.ashish.stash.DYNAMIC_RECEIVER_NOT_EXPORTED_PERMISSION" />
26-->[androidx.core:core:1.13.1] AndroidManifest.xml:26:5-97
26-->[androidx.core:core:1.13.1] AndroidManifest.xml:26:22-94
27    <uses-permission android:name="android.permission.INTERNET" />
27-->[com.google.android.datatransport:transport-backend-cct:2.3.3] AndroidManifest.xml:26:5-67
27-->[com.google.android.datatransport:transport-backend-cct:2.3.3] AndroidManifest.xml:26:22-64
28
29    <application
29-->src\main\AndroidManifest.xml:9:5-81:19
30        android:name="com.ashish.stash.StashApplication"
30-->src\main\AndroidManifest.xml:10:9-41
31        android:allowBackup="true"
31-->src\main\AndroidManifest.xml:11:9-35
32        android:appComponentFactory="androidx.core.app.CoreComponentFactory"
32-->[androidx.core:core:1.13.1] AndroidManifest.xml:28:18-86
33        android:dataExtractionRules="@xml/data_extraction_rules"
33-->src\main\AndroidManifest.xml:13:9-65
34        android:debuggable="true"
35        android:extractNativeLibs="false"
36        android:fullBackupContent="@xml/backup_rules"
36-->src\main\AndroidManifest.xml:12:9-54
37        android:icon="@mipmap/ic_launcher"
37-->src\main\AndroidManifest.xml:14:9-43
38        android:label="@string/app_name"
38-->src\main\AndroidManifest.xml:15:9-41
39        android:roundIcon="@mipmap/ic_launcher_round"
39-->src\main\AndroidManifest.xml:16:9-54
40        android:supportsRtl="true"
40-->src\main\AndroidManifest.xml:17:9-35
41        android:testOnly="true"
42        android:theme="@style/Theme.Stash" >
42-->src\main\AndroidManifest.xml:18:9-43
43        <activity
43-->src\main\AndroidManifest.xml:25:9-32:20
44            android:name="com.ashish.stash.MainActivity"
44-->src\main\AndroidManifest.xml:26:13-41
45            android:exported="true" >
45-->src\main\AndroidManifest.xml:27:13-36
46            <intent-filter>
46-->src\main\AndroidManifest.xml:28:13-31:29
47                <action android:name="android.intent.action.MAIN" />
47-->src\main\AndroidManifest.xml:29:17-69
47-->src\main\AndroidManifest.xml:29:25-66
48
49                <category android:name="android.intent.category.LAUNCHER" />
49-->src\main\AndroidManifest.xml:30:17-77
49-->src\main\AndroidManifest.xml:30:27-74
50            </intent-filter>
51        </activity>
52        <activity
52-->src\main\AndroidManifest.xml:34:9-58:20
53            android:name="com.ashish.stash.ui.feature.quickadd.QuickAddActivity"
53-->src\main\AndroidManifest.xml:35:13-65
54            android:exported="true"
54-->src\main\AndroidManifest.xml:37:13-36
55            android:theme="@style/Theme.Stash.Transparent" >
55-->src\main\AndroidManifest.xml:36:13-59
56            <intent-filter>
56-->src\main\AndroidManifest.xml:38:13-42:29
57                <action android:name="android.intent.action.SEND" />
57-->src\main\AndroidManifest.xml:39:17-69
57-->src\main\AndroidManifest.xml:39:25-66
58
59                <category android:name="android.intent.category.DEFAULT" />
59-->src\main\AndroidManifest.xml:40:17-76
59-->src\main\AndroidManifest.xml:40:27-73
60
61                <data android:mimeType="image/*" />
61-->src\main\AndroidManifest.xml:41:17-52
61-->src\main\AndroidManifest.xml:41:23-49
62            </intent-filter>
63            <intent-filter>
63-->src\main\AndroidManifest.xml:43:13-47:29
64                <action android:name="android.intent.action.SEND" />
64-->src\main\AndroidManifest.xml:39:17-69
64-->src\main\AndroidManifest.xml:39:25-66
65
66                <category android:name="android.intent.category.DEFAULT" />
66-->src\main\AndroidManifest.xml:40:17-76
66-->src\main\AndroidManifest.xml:40:27-73
67
68                <data android:mimeType="application/pdf" />
68-->src\main\AndroidManifest.xml:41:17-52
68-->src\main\AndroidManifest.xml:41:23-49
69            </intent-filter>
70            <intent-filter>
70-->src\main\AndroidManifest.xml:48:13-52:29
71                <action android:name="android.intent.action.SEND_MULTIPLE" />
71-->src\main\AndroidManifest.xml:49:17-78
71-->src\main\AndroidManifest.xml:49:25-75
72
73                <category android:name="android.intent.category.DEFAULT" />
73-->src\main\AndroidManifest.xml:40:17-76
73-->src\main\AndroidManifest.xml:40:27-73
74
75                <data android:mimeType="image/*" />
75-->src\main\AndroidManifest.xml:41:17-52
75-->src\main\AndroidManifest.xml:41:23-49
76            </intent-filter>
77            <intent-filter>
77-->src\main\AndroidManifest.xml:53:13-57:29
78                <action android:name="android.intent.action.SEND_MULTIPLE" />
78-->src\main\AndroidManifest.xml:49:17-78
78-->src\main\AndroidManifest.xml:49:25-75
79
80                <category android:name="android.intent.category.DEFAULT" />
80-->src\main\AndroidManifest.xml:40:17-76
80-->src\main\AndroidManifest.xml:40:27-73
81
82                <data android:mimeType="application/pdf" />
82-->src\main\AndroidManifest.xml:41:17-52
82-->src\main\AndroidManifest.xml:41:23-49
83            </intent-filter>
84        </activity>
85
86        <!-- Home Screen Widget -->
87        <receiver
87-->src\main\AndroidManifest.xml:61:9-70:20
88            android:name="com.ashish.stash.widget.StashWidgetProvider"
88-->src\main\AndroidManifest.xml:62:13-55
89            android:exported="true" >
89-->src\main\AndroidManifest.xml:63:13-36
90            <intent-filter>
90-->src\main\AndroidManifest.xml:64:13-66:29
91                <action android:name="android.appwidget.action.APPWIDGET_UPDATE" />
91-->src\main\AndroidManifest.xml:65:17-84
91-->src\main\AndroidManifest.xml:65:25-81
92            </intent-filter>
93
94            <meta-data
94-->src\main\AndroidManifest.xml:67:13-69:61
95                android:name="android.appwidget.provider"
95-->src\main\AndroidManifest.xml:68:17-58
96                android:resource="@xml/stash_widget_info" />
96-->src\main\AndroidManifest.xml:69:17-58
97        </receiver>
98
99        <provider
100            android:name="androidx.core.content.FileProvider"
100-->src\main\AndroidManifest.xml:73:13-62
101            android:authorities="com.ashish.stash.fileprovider"
101-->src\main\AndroidManifest.xml:74:13-64
102            android:exported="false"
102-->src\main\AndroidManifest.xml:75:13-37
103            android:grantUriPermissions="true" >
103-->src\main\AndroidManifest.xml:76:13-47
104            <meta-data
104-->src\main\AndroidManifest.xml:77:13-79:54
105                android:name="android.support.FILE_PROVIDER_PATHS"
105-->src\main\AndroidManifest.xml:78:17-67
106                android:resource="@xml/file_paths" />
106-->src\main\AndroidManifest.xml:79:17-51
107        </provider>
108
109        <service
109-->[com.google.android.gms:play-services-mlkit-text-recognition-common:19.1.0] AndroidManifest.xml:9:9-15:19
110            android:name="com.google.mlkit.common.internal.MlKitComponentDiscoveryService"
110-->[com.google.android.gms:play-services-mlkit-text-recognition-common:19.1.0] AndroidManifest.xml:10:13-91
111            android:directBootAware="true"
111-->[com.google.mlkit:common:18.11.0] AndroidManifest.xml:17:13-43
112            android:exported="false" >
112-->[com.google.android.gms:play-services-mlkit-text-recognition-common:19.1.0] AndroidManifest.xml:11:13-37
113            <meta-data
113-->[com.google.android.gms:play-services-mlkit-text-recognition-common:19.1.0] AndroidManifest.xml:12:13-14:85
114                android:name="com.google.firebase.components:com.google.mlkit.vision.text.internal.TextRegistrar"
114-->[com.google.android.gms:play-services-mlkit-text-recognition-common:19.1.0] AndroidManifest.xml:13:17-114
115                android:value="com.google.firebase.components.ComponentRegistrar" />
115-->[com.google.android.gms:play-services-mlkit-text-recognition-common:19.1.0] AndroidManifest.xml:14:17-82
116            <meta-data
116-->[com.google.mlkit:vision-common:17.3.0] AndroidManifest.xml:12:13-14:85
117                android:name="com.google.firebase.components:com.google.mlkit.vision.common.internal.VisionCommonRegistrar"
117-->[com.google.mlkit:vision-common:17.3.0] AndroidManifest.xml:13:17-124
118                android:value="com.google.firebase.components.ComponentRegistrar" />
118-->[com.google.mlkit:vision-common:17.3.0] AndroidManifest.xml:14:17-82
119            <meta-data
119-->[com.google.mlkit:common:18.11.0] AndroidManifest.xml:20:13-22:85
120                android:name="com.google.firebase.components:com.google.mlkit.common.internal.CommonComponentRegistrar"
120-->[com.google.mlkit:common:18.11.0] AndroidManifest.xml:21:17-120
121                android:value="com.google.firebase.components.ComponentRegistrar" />
121-->[com.google.mlkit:common:18.11.0] AndroidManifest.xml:22:17-82
122        </service>
123
124        <provider
124-->[com.google.mlkit:common:18.11.0] AndroidManifest.xml:9:9-13:38
125            android:name="com.google.mlkit.common.internal.MlKitInitProvider"
125-->[com.google.mlkit:common:18.11.0] AndroidManifest.xml:10:13-78
126            android:authorities="com.ashish.stash.mlkitinitprovider"
126-->[com.google.mlkit:common:18.11.0] AndroidManifest.xml:11:13-69
127            android:exported="false"
127-->[com.google.mlkit:common:18.11.0] AndroidManifest.xml:12:13-37
128            android:initOrder="99" />
128-->[com.google.mlkit:common:18.11.0] AndroidManifest.xml:13:13-35
129
130        <activity
130-->[com.google.android.gms:play-services-base:18.5.0] AndroidManifest.xml:5:9-173
131            android:name="com.google.android.gms.common.api.GoogleApiActivity"
131-->[com.google.android.gms:play-services-base:18.5.0] AndroidManifest.xml:5:19-85
132            android:exported="false"
132-->[com.google.android.gms:play-services-base:18.5.0] AndroidManifest.xml:5:146-170
133            android:theme="@android:style/Theme.Translucent.NoTitleBar" />
133-->[com.google.android.gms:play-services-base:18.5.0] AndroidManifest.xml:5:86-145
134
135        <service
135-->[androidx.room:room-runtime:2.6.1] AndroidManifest.xml:24:9-28:63
136            android:name="androidx.room.MultiInstanceInvalidationService"
136-->[androidx.room:room-runtime:2.6.1] AndroidManifest.xml:25:13-74
137            android:directBootAware="true"
137-->[androidx.room:room-runtime:2.6.1] AndroidManifest.xml:26:13-43
138            android:exported="false" />
138-->[androidx.room:room-runtime:2.6.1] AndroidManifest.xml:27:13-37
139        <service
139-->[androidx.work:work-runtime:2.9.1] AndroidManifest.xml:39:9-45:35
140            android:name="androidx.work.impl.background.systemalarm.SystemAlarmService"
140-->[androidx.work:work-runtime:2.9.1] AndroidManifest.xml:40:13-88
141            android:directBootAware="false"
141-->[androidx.work:work-runtime:2.9.1] AndroidManifest.xml:41:13-44
142            android:enabled="@bool/enable_system_alarm_service_default"
142-->[androidx.work:work-runtime:2.9.1] AndroidManifest.xml:42:13-72
143            android:exported="false" />
143-->[androidx.work:work-runtime:2.9.1] AndroidManifest.xml:43:13-37
144        <service
144-->[androidx.work:work-runtime:2.9.1] AndroidManifest.xml:46:9-52:35
145            android:name="androidx.work.impl.background.systemjob.SystemJobService"
145-->[androidx.work:work-runtime:2.9.1] AndroidManifest.xml:47:13-84
146            android:directBootAware="false"
146-->[androidx.work:work-runtime:2.9.1] AndroidManifest.xml:48:13-44
147            android:enabled="@bool/enable_system_job_service_default"
147-->[androidx.work:work-runtime:2.9.1] AndroidManifest.xml:49:13-70
148            android:exported="true"
148-->[androidx.work:work-runtime:2.9.1] AndroidManifest.xml:50:13-36
149            android:permission="android.permission.BIND_JOB_SERVICE" />
149-->[androidx.work:work-runtime:2.9.1] AndroidManifest.xml:51:13-69
150        <service
150-->[androidx.work:work-runtime:2.9.1] AndroidManifest.xml:53:9-59:35
151            android:name="androidx.work.impl.foreground.SystemForegroundService"
151-->[androidx.work:work-runtime:2.9.1] AndroidManifest.xml:54:13-81
152            android:directBootAware="false"
152-->[androidx.work:work-runtime:2.9.1] AndroidManifest.xml:55:13-44
153            android:enabled="@bool/enable_system_foreground_service_default"
153-->[androidx.work:work-runtime:2.9.1] AndroidManifest.xml:56:13-77
154            android:exported="false" />
154-->[androidx.work:work-runtime:2.9.1] AndroidManifest.xml:57:13-37
155
156        <receiver
156-->[androidx.work:work-runtime:2.9.1] AndroidManifest.xml:61:9-66:35
157            android:name="androidx.work.impl.utils.ForceStopRunnable$BroadcastReceiver"
157-->[androidx.work:work-runtime:2.9.1] AndroidManifest.xml:62:13-88
158            android:directBootAware="false"
158-->[androidx.work:work-runtime:2.9.1] AndroidManifest.xml:63:13-44
159            android:enabled="true"
159-->[androidx.work:work-runtime:2.9.1] AndroidManifest.xml:64:13-35
160            android:exported="false" />
160-->[androidx.work:work-runtime:2.9.1] AndroidManifest.xml:65:13-37
161        <receiver
161-->[androidx.work:work-runtime:2.9.1] AndroidManifest.xml:67:9-77:20
162            android:name="androidx.work.impl.background.systemalarm.ConstraintProxy$BatteryChargingProxy"
162-->[androidx.work:work-runtime:2.9.1] AndroidManifest.xml:68:13-106
163            android:directBootAware="false"
163-->[androidx.work:work-runtime:2.9.1] AndroidManifest.xml:69:13-44
164            android:enabled="false"
164-->[androidx.work:work-runtime:2.9.1] AndroidManifest.xml:70:13-36
165            android:exported="false" >
165-->[androidx.work:work-runtime:2.9.1] AndroidManifest.xml:71:13-37
166            <intent-filter>
166-->[androidx.work:work-runtime:2.9.1] AndroidManifest.xml:73:13-76:29
167                <action android:name="android.intent.action.ACTION_POWER_CONNECTED" />
167-->[androidx.work:work-runtime:2.9.1] AndroidManifest.xml:74:17-87
167-->[androidx.work:work-runtime:2.9.1] AndroidManifest.xml:74:25-84
168                <action android:name="android.intent.action.ACTION_POWER_DISCONNECTED" />
168-->[androidx.work:work-runtime:2.9.1] AndroidManifest.xml:75:17-90
168-->[androidx.work:work-runtime:2.9.1] AndroidManifest.xml:75:25-87
169            </intent-filter>
170        </receiver>
171        <receiver
171-->[androidx.work:work-runtime:2.9.1] AndroidManifest.xml:78:9-88:20
172            android:name="androidx.work.impl.background.systemalarm.ConstraintProxy$BatteryNotLowProxy"
172-->[androidx.work:work-runtime:2.9.1] AndroidManifest.xml:79:13-104
173            android:directBootAware="false"
173-->[androidx.work:work-runtime:2.9.1] AndroidManifest.xml:80:13-44
174            android:enabled="false"
174-->[androidx.work:work-runtime:2.9.1] AndroidManifest.xml:81:13-36
175            android:exported="false" >
175-->[androidx.work:work-runtime:2.9.1] AndroidManifest.xml:82:13-37
176            <intent-filter>
176-->[androidx.work:work-runtime:2.9.1] AndroidManifest.xml:84:13-87:29
177                <action android:name="android.intent.action.BATTERY_OKAY" />
177-->[androidx.work:work-runtime:2.9.1] AndroidManifest.xml:85:17-77
177-->[androidx.work:work-runtime:2.9.1] AndroidManifest.xml:85:25-74
178                <action android:name="android.intent.action.BATTERY_LOW" />
178-->[androidx.work:work-runtime:2.9.1] AndroidManifest.xml:86:17-76
178-->[androidx.work:work-runtime:2.9.1] AndroidManifest.xml:86:25-73
179            </intent-filter>
180        </receiver>
181        <receiver
181-->[androidx.work:work-runtime:2.9.1] AndroidManifest.xml:89:9-99:20
182            android:name="androidx.work.impl.background.systemalarm.ConstraintProxy$StorageNotLowProxy"
182-->[androidx.work:work-runtime:2.9.1] AndroidManifest.xml:90:13-104
183            android:directBootAware="false"
183-->[androidx.work:work-runtime:2.9.1] AndroidManifest.xml:91:13-44
184            android:enabled="false"
184-->[androidx.work:work-runtime:2.9.1] AndroidManifest.xml:92:13-36
185            android:exported="false" >
185-->[androidx.work:work-runtime:2.9.1] AndroidManifest.xml:93:13-37
186            <intent-filter>
186-->[androidx.work:work-runtime:2.9.1] AndroidManifest.xml:95:13-98:29
187                <action android:name="android.intent.action.DEVICE_STORAGE_LOW" />
187-->[androidx.work:work-runtime:2.9.1] AndroidManifest.xml:96:17-83
187-->[androidx.work:work-runtime:2.9.1] AndroidManifest.xml:96:25-80
188                <action android:name="android.intent.action.DEVICE_STORAGE_OK" />
188-->[androidx.work:work-runtime:2.9.1] AndroidManifest.xml:97:17-82
188-->[androidx.work:work-runtime:2.9.1] AndroidManifest.xml:97:25-79
189            </intent-filter>
190        </receiver>
191        <receiver
191-->[androidx.work:work-runtime:2.9.1] AndroidManifest.xml:100:9-109:20
192            android:name="androidx.work.impl.background.systemalarm.ConstraintProxy$NetworkStateProxy"
192-->[androidx.work:work-runtime:2.9.1] AndroidManifest.xml:101:13-103
193            android:directBootAware="false"
193-->[androidx.work:work-runtime:2.9.1] AndroidManifest.xml:102:13-44
194            android:enabled="false"
194-->[androidx.work:work-runtime:2.9.1] AndroidManifest.xml:103:13-36
195            android:exported="false" >
195-->[androidx.work:work-runtime:2.9.1] AndroidManifest.xml:104:13-37
196            <intent-filter>
196-->[androidx.work:work-runtime:2.9.1] AndroidManifest.xml:106:13-108:29
197                <action android:name="android.net.conn.CONNECTIVITY_CHANGE" />
197-->[androidx.work:work-runtime:2.9.1] AndroidManifest.xml:107:17-79
197-->[androidx.work:work-runtime:2.9.1] AndroidManifest.xml:107:25-76
198            </intent-filter>
199        </receiver>
200        <receiver
200-->[androidx.work:work-runtime:2.9.1] AndroidManifest.xml:110:9-121:20
201            android:name="androidx.work.impl.background.systemalarm.RescheduleReceiver"
201-->[androidx.work:work-runtime:2.9.1] AndroidManifest.xml:111:13-88
202            android:directBootAware="false"
202-->[androidx.work:work-runtime:2.9.1] AndroidManifest.xml:112:13-44
203            android:enabled="false"
203-->[androidx.work:work-runtime:2.9.1] AndroidManifest.xml:113:13-36
204            android:exported="false" >
204-->[androidx.work:work-runtime:2.9.1] AndroidManifest.xml:114:13-37
205            <intent-filter>
205-->[androidx.work:work-runtime:2.9.1] AndroidManifest.xml:116:13-120:29
206                <action android:name="android.intent.action.BOOT_COMPLETED" />
206-->[androidx.work:work-runtime:2.9.1] AndroidManifest.xml:117:17-79
206-->[androidx.work:work-runtime:2.9.1] AndroidManifest.xml:117:25-76
207                <action android:name="android.intent.action.TIME_SET" />
207-->[androidx.work:work-runtime:2.9.1] AndroidManifest.xml:118:17-73
207-->[androidx.work:work-runtime:2.9.1] AndroidManifest.xml:118:25-70
208                <action android:name="android.intent.action.TIMEZONE_CHANGED" />
208-->[androidx.work:work-runtime:2.9.1] AndroidManifest.xml:119:17-81
208-->[androidx.work:work-runtime:2.9.1] AndroidManifest.xml:119:25-78
209            </intent-filter>
210        </receiver>
211        <receiver
211-->[androidx.work:work-runtime:2.9.1] AndroidManifest.xml:122:9-131:20
212            android:name="androidx.work.impl.background.systemalarm.ConstraintProxyUpdateReceiver"
212-->[androidx.work:work-runtime:2.9.1] AndroidManifest.xml:123:13-99
213            android:directBootAware="false"
213-->[androidx.work:work-runtime:2.9.1] AndroidManifest.xml:124:13-44
214            android:enabled="@bool/enable_system_alarm_service_default"
214-->[androidx.work:work-runtime:2.9.1] AndroidManifest.xml:125:13-72
215            android:exported="false" >
215-->[androidx.work:work-runtime:2.9.1] AndroidManifest.xml:126:13-37
216            <intent-filter>
216-->[androidx.work:work-runtime:2.9.1] AndroidManifest.xml:128:13-130:29
217                <action android:name="androidx.work.impl.background.systemalarm.UpdateProxies" />
217-->[androidx.work:work-runtime:2.9.1] AndroidManifest.xml:129:17-98
217-->[androidx.work:work-runtime:2.9.1] AndroidManifest.xml:129:25-95
218            </intent-filter>
219        </receiver>
220        <receiver
220-->[androidx.work:work-runtime:2.9.1] AndroidManifest.xml:132:9-142:20
221            android:name="androidx.work.impl.diagnostics.DiagnosticsReceiver"
221-->[androidx.work:work-runtime:2.9.1] AndroidManifest.xml:133:13-78
222            android:directBootAware="false"
222-->[androidx.work:work-runtime:2.9.1] AndroidManifest.xml:134:13-44
223            android:enabled="true"
223-->[androidx.work:work-runtime:2.9.1] AndroidManifest.xml:135:13-35
224            android:exported="true"
224-->[androidx.work:work-runtime:2.9.1] AndroidManifest.xml:136:13-36
225            android:permission="android.permission.DUMP" >
225-->[androidx.work:work-runtime:2.9.1] AndroidManifest.xml:137:13-57
226            <intent-filter>
226-->[androidx.work:work-runtime:2.9.1] AndroidManifest.xml:139:13-141:29
227                <action android:name="androidx.work.diagnostics.REQUEST_DIAGNOSTICS" />
227-->[androidx.work:work-runtime:2.9.1] AndroidManifest.xml:140:17-88
227-->[androidx.work:work-runtime:2.9.1] AndroidManifest.xml:140:25-85
228            </intent-filter>
229        </receiver>
230
231        <activity
231-->[androidx.compose.ui:ui-test-manifest:1.7.4] AndroidManifest.xml:23:9-25:39
232            android:name="androidx.activity.ComponentActivity"
232-->[androidx.compose.ui:ui-test-manifest:1.7.4] AndroidManifest.xml:24:13-63
233            android:exported="true" />
233-->[androidx.compose.ui:ui-test-manifest:1.7.4] AndroidManifest.xml:25:13-36
234        <activity
234-->[androidx.compose.ui:ui-tooling-android:1.7.4] AndroidManifest.xml:23:9-25:39
235            android:name="androidx.compose.ui.tooling.PreviewActivity"
235-->[androidx.compose.ui:ui-tooling-android:1.7.4] AndroidManifest.xml:24:13-71
236            android:exported="true" />
236-->[androidx.compose.ui:ui-tooling-android:1.7.4] AndroidManifest.xml:25:13-36
237
238        <meta-data
238-->[com.google.android.gms:play-services-basement:18.4.0] AndroidManifest.xml:6:9-122
239            android:name="com.google.android.gms.version"
239-->[com.google.android.gms:play-services-basement:18.4.0] AndroidManifest.xml:6:20-65
240            android:value="@integer/google_play_services_version" />
240-->[com.google.android.gms:play-services-basement:18.4.0] AndroidManifest.xml:6:66-119
241
242        <service
242-->[com.google.android.datatransport:transport-backend-cct:2.3.3] AndroidManifest.xml:29:9-35:19
243            android:name="com.google.android.datatransport.runtime.backends.TransportBackendDiscovery"
243-->[com.google.android.datatransport:transport-backend-cct:2.3.3] AndroidManifest.xml:30:13-103
244            android:exported="false" >
244-->[com.google.android.datatransport:transport-backend-cct:2.3.3] AndroidManifest.xml:31:13-37
245            <meta-data
245-->[com.google.android.datatransport:transport-backend-cct:2.3.3] AndroidManifest.xml:32:13-34:39
246                android:name="backend:com.google.android.datatransport.cct.CctBackendFactory"
246-->[com.google.android.datatransport:transport-backend-cct:2.3.3] AndroidManifest.xml:33:17-94
247                android:value="cct" />
247-->[com.google.android.datatransport:transport-backend-cct:2.3.3] AndroidManifest.xml:34:17-36
248        </service>
249        <service
249-->[com.google.android.datatransport:transport-runtime:2.2.6] AndroidManifest.xml:26:9-30:19
250            android:name="com.google.android.datatransport.runtime.scheduling.jobscheduling.JobInfoSchedulerService"
250-->[com.google.android.datatransport:transport-runtime:2.2.6] AndroidManifest.xml:27:13-117
251            android:exported="false"
251-->[com.google.android.datatransport:transport-runtime:2.2.6] AndroidManifest.xml:28:13-37
252            android:permission="android.permission.BIND_JOB_SERVICE" >
252-->[com.google.android.datatransport:transport-runtime:2.2.6] AndroidManifest.xml:29:13-69
253        </service>
254
255        <receiver
255-->[com.google.android.datatransport:transport-runtime:2.2.6] AndroidManifest.xml:32:9-34:40
256            android:name="com.google.android.datatransport.runtime.scheduling.jobscheduling.AlarmManagerSchedulerBroadcastReceiver"
256-->[com.google.android.datatransport:transport-runtime:2.2.6] AndroidManifest.xml:33:13-132
257            android:exported="false" />
257-->[com.google.android.datatransport:transport-runtime:2.2.6] AndroidManifest.xml:34:13-37
258        <receiver
258-->[androidx.profileinstaller:profileinstaller:1.3.1] AndroidManifest.xml:34:9-52:20
259            android:name="androidx.profileinstaller.ProfileInstallReceiver"
259-->[androidx.profileinstaller:profileinstaller:1.3.1] AndroidManifest.xml:35:13-76
260            android:directBootAware="false"
260-->[androidx.profileinstaller:profileinstaller:1.3.1] AndroidManifest.xml:36:13-44
261            android:enabled="true"
261-->[androidx.profileinstaller:profileinstaller:1.3.1] AndroidManifest.xml:37:13-35
262            android:exported="true"
262-->[androidx.profileinstaller:profileinstaller:1.3.1] AndroidManifest.xml:38:13-36
263            android:permission="android.permission.DUMP" >
263-->[androidx.profileinstaller:profileinstaller:1.3.1] AndroidManifest.xml:39:13-57
264            <intent-filter>
264-->[androidx.profileinstaller:profileinstaller:1.3.1] AndroidManifest.xml:40:13-42:29
265                <action android:name="androidx.profileinstaller.action.INSTALL_PROFILE" />
265-->[androidx.profileinstaller:profileinstaller:1.3.1] AndroidManifest.xml:41:17-91
265-->[androidx.profileinstaller:profileinstaller:1.3.1] AndroidManifest.xml:41:25-88
266            </intent-filter>
267            <intent-filter>
267-->[androidx.profileinstaller:profileinstaller:1.3.1] AndroidManifest.xml:43:13-45:29
268                <action android:name="androidx.profileinstaller.action.SKIP_FILE" />
268-->[androidx.profileinstaller:profileinstaller:1.3.1] AndroidManifest.xml:44:17-85
268-->[androidx.profileinstaller:profileinstaller:1.3.1] AndroidManifest.xml:44:25-82
269            </intent-filter>
270            <intent-filter>
270-->[androidx.profileinstaller:profileinstaller:1.3.1] AndroidManifest.xml:46:13-48:29
271                <action android:name="androidx.profileinstaller.action.SAVE_PROFILE" />
271-->[androidx.profileinstaller:profileinstaller:1.3.1] AndroidManifest.xml:47:17-88
271-->[androidx.profileinstaller:profileinstaller:1.3.1] AndroidManifest.xml:47:25-85
272            </intent-filter>
273            <intent-filter>
273-->[androidx.profileinstaller:profileinstaller:1.3.1] AndroidManifest.xml:49:13-51:29
274                <action android:name="androidx.profileinstaller.action.BENCHMARK_OPERATION" />
274-->[androidx.profileinstaller:profileinstaller:1.3.1] AndroidManifest.xml:50:17-95
274-->[androidx.profileinstaller:profileinstaller:1.3.1] AndroidManifest.xml:50:25-92
275            </intent-filter>
276        </receiver>
277    </application>
278
279</manifest>